<?xml version="1.0" encoding="UTF-8"?>
<!-- Generated by org.testng.reporters.JUnitReportReporter -->
<testsuite hostname="eprescribe2s-MacBook-Pro.local" name="com.grab.androidautomation.VerifyAddingAndRemovingCreditCard" tests="2" failures="0" timestamp="9 Jun 2016 19:25:34 GMT" time="81.000" errors="2">
  <testcase name="AddRemoveAndVerifyCredit" time="0.001" classname="com.grab.androidautomation.VerifyAddingAndRemovingCreditCard">
    <error type="java.lang.NullPointerException">
      <![CDATA[java.lang.NullPointerException
	at com.grab.androidautomation.VerifyAddingAndRemovingCreditCard.AddRemoveAndVerifyCredit(VerifyAddingAndRemovingCreditCard.java:38)
	at sun.reflect.NativeMethodAccessorImpl.invoke0(Native Method)
	at sun.reflect.NativeMethodAccessorImpl.invoke(NativeMethodAccessorImpl.java:62)
	at sun.reflect.DelegatingMethodAccessorImpl.invoke(DelegatingMethodAccessorImpl.java:43)
	at java.lang.reflect.Method.invoke(Method.java:498)
	at org.testng.internal.MethodInvocationHelper.invokeMethod(MethodInvocationHelper.java:85)
	at org.testng.internal.Invoker.invokeMethod(Invoker.java:639)
	at org.testng.internal.Invoker.invokeTestMethod(Invoker.java:816)
	at org.testng.internal.Invoker.invokeTestMethods(Invoker.java:1124)
	at org.testng.internal.TestMethodWorker.invokeTestMethods(TestMethodWorker.java:125)
	at org.testng.internal.TestMethodWorker.run(TestMethodWorker.java:108)
	at org.testng.TestRunner.privateRun(TestRunner.java:774)
	at org.testng.TestRunner.run(TestRunner.java:624)
	at org.testng.SuiteRunner.runTest(SuiteRunner.java:359)
	at org.testng.SuiteRunner.runSequentially(SuiteRunner.java:354)
	at org.testng.SuiteRunner.privateRun(SuiteRunner.java:312)
	at org.testng.SuiteRunner.run(SuiteRunner.java:261)
	at org.testng.SuiteRunnerWorker.runSuite(SuiteRunnerWorker.java:52)
	at org.testng.SuiteRunnerWorker.run(SuiteRunnerWorker.java:86)
	at org.testng.TestNG.runSuitesSequentially(TestNG.java:1191)
	at org.testng.TestNG.runSuitesLocally(TestNG.java:1116)
	at org.testng.TestNG.run(TestNG.java:1024)
	at org.testng.remote.RemoteTestNG.run(RemoteTestNG.java:112)
	at org.testng.remote.RemoteTestNG.initAndRun(RemoteTestNG.java:205)
	at org.testng.remote.RemoteTestNG.main(RemoteTestNG.java:176)
]]>
    </error>
  </testcase> <!-- AddRemoveAndVerifyCredit -->
  <testcase name="AddRemoveAndVerifyCredit" time="80.999" classname="com.grab.androidautomation.VerifyAddingAndRemovingCreditCard">
    <error type="org.openqa.selenium.NoSuchElementException" message="An element could not be located on the page using the given search parameters. (WARNING: The server did not provide any stacktrace information)
Command duration or timeout: 40.54 seconds
For documentation on this error, please visit: http://seleniumhq.org/exceptions/no_such_element.html
Build info: version: &#039;2.42.1&#039;, revision: &#039;68b415adb11acca4286be45124325cc36cfc4a51&#039;, time: &#039;2014-05-29 09:21:55&#039;
System info: host: &#039;eprescribe2s-MacBook-Pro.local&#039;, ip: &#039;192.168.2.13&#039;, os.name: &#039;Mac OS X&#039;, os.arch: &#039;x86_64&#039;, os.version: &#039;10.11.3&#039;, java.version: &#039;1.8.0_72&#039;
Driver info: org.openqa.selenium.remote.RemoteWebDriver
Capabilities [{app=/Applications/android-sdk-macosx/platform-tools/Grab_com.grabtaxi.passenger.apk, appPackage=com.grabtaxi.passenger, networkConnectionEnabled=true, noReset=true, dontStopAppOnReset=true, warnings={}, appWaitPackage=com.grabtaxi.passenger, databaseEnabled=false, deviceName=emulator-5554, fullReset=false, platform=LINUX, desired={app=/Applications/android-sdk-macosx/platform-tools/Grab_com.grabtaxi.passenger.apk, appPackage=com.grabtaxi.passenger, noReset=true, dontStopAppOnReset=true, appWaitPackage=com.grabtaxi.passenger, deviceName=Nexus 5 API 22, fullReset=false, nativeInstrumentsLib=true, platformVersion=4.4, automationName=Appium, browserName=, device ID=emulator-5554, platformName=android}, nativeInstrumentsLib=true, platformVersion=5.1.1, webStorageEnabled=false, locationContextEnabled=false, automationName=Appium, takesScreenshot=true, browserName=, javascriptEnabled=true, device ID=emulator-5554, platformName=android}]
Session ID: d426e8f6-95c1-4594-82f3-523470b64362">
      <![CDATA[org.openqa.selenium.NoSuchElementException: An element could not be located on the page using the given search parameters. (WARNING: The server did not provide any stacktrace information)
Command duration or timeout: 40.54 seconds
For documentation on this error, please visit: http://seleniumhq.org/exceptions/no_such_element.html
Build info: version: '2.42.1', revision: '68b415adb11acca4286be45124325cc36cfc4a51', time: '2014-05-29 09:21:55'
System info: host: 'eprescribe2s-MacBook-Pro.local', ip: '192.168.2.13', os.name: 'Mac OS X', os.arch: 'x86_64', os.version: '10.11.3', java.version: '1.8.0_72'
Driver info: org.openqa.selenium.remote.RemoteWebDriver
Capabilities [{app=/Applications/android-sdk-macosx/platform-tools/Grab_com.grabtaxi.passenger.apk, appPackage=com.grabtaxi.passenger, networkConnectionEnabled=true, noReset=true, dontStopAppOnReset=true, warnings={}, appWaitPackage=com.grabtaxi.passenger, databaseEnabled=false, deviceName=emulator-5554, fullReset=false, platform=LINUX, desired={app=/Applications/android-sdk-macosx/platform-tools/Grab_com.grabtaxi.passenger.apk, appPackage=com.grabtaxi.passenger, noReset=true, dontStopAppOnReset=true, appWaitPackage=com.grabtaxi.passenger, deviceName=Nexus 5 API 22, fullReset=false, nativeInstrumentsLib=true, platformVersion=4.4, automationName=Appium, browserName=, device ID=emulator-5554, platformName=android}, nativeInstrumentsLib=true, platformVersion=5.1.1, webStorageEnabled=false, locationContextEnabled=false, automationName=Appium, takesScreenshot=true, browserName=, javascriptEnabled=true, device ID=emulator-5554, platformName=android}]
Session ID: d426e8f6-95c1-4594-82f3-523470b64362
	at sun.reflect.NativeConstructorAccessorImpl.newInstance0(Native Method)
	at sun.reflect.NativeConstructorAccessorImpl.newInstance(NativeConstructorAccessorImpl.java:62)
	at sun.reflect.DelegatingConstructorAccessorImpl.newInstance(DelegatingConstructorAccessorImpl.java:45)
	at java.lang.reflect.Constructor.newInstance(Constructor.java:423)
	at org.openqa.selenium.remote.ErrorHandler.createThrowable(ErrorHandler.java:204)
	at org.openqa.selenium.remote.ErrorHandler.throwIfResponseFailed(ErrorHandler.java:156)
	at org.openqa.selenium.remote.RemoteWebDriver.execute(RemoteWebDriver.java:600)
	at org.openqa.selenium.remote.RemoteWebDriver.findElement(RemoteWebDriver.java:353)
	at org.openqa.selenium.remote.RemoteWebDriver.findElementByXPath(RemoteWebDriver.java:450)
	at org.openqa.selenium.By$ByXPath.findElement(By.java:357)
	at org.openqa.selenium.remote.RemoteWebDriver.findElement(RemoteWebDriver.java:345)
	at com.grab.utilities.AppiumDriverCommonUtilities.verifyElementExist(AppiumDriverCommonUtilities.java:111)
	at com.grab.androidautomation.VerifyAddingAndRemovingCreditCard.AddRemoveAndVerifyCredit(VerifyAddingAndRemovingCreditCard.java:80)
	at sun.reflect.NativeMethodAccessorImpl.invoke0(Native Method)
	at sun.reflect.NativeMethodAccessorImpl.invoke(NativeMethodAccessorImpl.java:62)
	at sun.reflect.DelegatingMethodAccessorImpl.invoke(DelegatingMethodAccessorImpl.java:43)
	at java.lang.reflect.Method.invoke(Method.java:498)
	at org.testng.internal.MethodInvocationHelper.invokeMethod(MethodInvocationHelper.java:85)
	at org.testng.internal.Invoker.invokeMethod(Invoker.java:639)
	at org.testng.internal.Invoker.invokeTestMethod(Invoker.java:816)
	at org.testng.internal.Invoker.invokeTestMethods(Invoker.java:1124)
	at org.testng.internal.TestMethodWorker.invokeTestMethods(TestMethodWorker.java:125)
	at org.testng.internal.TestMethodWorker.run(TestMethodWorker.java:108)
	at org.testng.TestRunner.privateRun(TestRunner.java:774)
	at org.testng.TestRunner.run(TestRunner.java:624)
	at org.testng.SuiteRunner.runTest(SuiteRunner.java:359)
	at org.testng.SuiteRunner.runSequentially(SuiteRunner.java:354)
	at org.testng.SuiteRunner.privateRun(SuiteRunner.java:312)
	at org.testng.SuiteRunner.run(SuiteRunner.java:261)
	at org.testng.SuiteRunnerWorker.runSuite(SuiteRunnerWorker.java:52)
	at org.testng.SuiteRunnerWorker.run(SuiteRunnerWorker.java:86)
	at org.testng.TestNG.runSuitesSequentially(TestNG.java:1191)
	at org.testng.TestNG.runSuitesLocally(TestNG.java:1116)
	at org.testng.TestNG.run(TestNG.java:1024)
	at org.testng.remote.RemoteTestNG.run(RemoteTestNG.java:112)
	at org.testng.remote.RemoteTestNG.initAndRun(RemoteTestNG.java:205)
	at org.testng.remote.RemoteTestNG.main(RemoteTestNG.java:176)
]]>
    </error>
  </testcase> <!-- AddRemoveAndVerifyCredit -->
</testsuite> <!-- com.grab.androidautomation.VerifyAddingAndRemovingCreditCard -->
